<?xml version="1.0" encoding="UTF-8"?>
<!-- Generated by org.testng.reporters.JUnitXMLReporter -->
<testsuite ignored="0" hostname="LAPTOP-BJTB8PP0" failures="1" tests="12" name="Command line test" time="276.696" errors="0" timestamp="01 Sep 2021 10:29:37 GMT">
  <testcase classname="com.crm.qa.testcases.ContactsPageTest" name="ContactsLabelTest" time="0.198"/>
  <testcase classname="com.crm.qa.testcases.HomePageTest" name="homepagetitletest" time="0.015"/>
  <testcase classname="com.crm.qa.testcases.LoginPageTest" name="loginPageTitleTest" time="0.08"/>
  <testcase classname="com.crm.qa.testcases.ContactsPageTest" name="selectcontactTest" time="0.117"/>
  <testcase classname="com.crm.qa.testcases.HomePageTest" name="loggedinusertest" time="0.148"/>
  <testcase classname="com.crm.qa.testcases.LoginPageTest" name="crmlogoimgtest" time="0.115"/>
  <testcase classname="com.crm.qa.testcases.ContactsPageTest" name="selectmultiplecontactsTest" time="0.321"/>
  <testcase classname="com.crm.qa.testcases.HomePageTest" name="ClickOnContactstest" time="1.456"/>
  <testcase classname="com.crm.qa.testcases.LoginPageTest" name="logintest" time="6.528"/>
  <testcase classname="com.crm.qa.testcases.ContactsPageTest" name="createnewcontactTest" time="10.566">
    <failure type="org.openqa.selenium.ElementNotInteractableException" message="element not interactable
  (Session info: chrome=92.0.4515.159)
Build info: version: &amp;apos;3.10.0&amp;apos;, revision: &amp;apos;176b4a9&amp;apos;, time: &amp;apos;2018-03-02T19:03:16.397Z&amp;apos;
System info: host: &amp;apos;LAPTOP-BJTB8PP0&amp;apos;, ip: &amp;apos;192.168.56.1&amp;apos;, os.name: &amp;apos;Windows 10&amp;apos;, os.arch: &amp;apos;amd64&amp;apos;, os.version: &amp;apos;10.0&amp;apos;, java.version: &amp;apos;15.0.2&amp;apos;
Driver info: org.openqa.selenium.chrome.ChromeDriver
Capabilities {acceptInsecureCerts: false, browserName: chrome, browserVersion: 92.0.4515.159, chrome: {chromedriverVersion: 92.0.4515.43 (8c61b7e2989f2..., userDataDir: C:\Users\vamsi\AppData\Loca...}, goog:chromeOptions: {debuggerAddress: localhost:58874}, javascriptEnabled: true, networkConnectionEnabled: false, pageLoadStrategy: normal, platform: WINDOWS, platformName: WINDOWS, proxy: Proxy(), setWindowRect: true, strictFileInteractability: false, timeouts: {implicit: 0, pageLoad: 300000, script: 30000}, unhandledPromptBehavior: dismiss and notify, webauthn:extension:credBlob: true, webauthn:extension:largeBlob: true, webauthn:virtualAuthenticators: true}
Session ID: 61cb6d16dc2fb35c23d01ac295c8b51f">
      <![CDATA[org.openqa.selenium.ElementNotInteractableException: element not interactable
  (Session info: chrome=92.0.4515.159)
Build info: version: '3.10.0', revision: '176b4a9', time: '2018-03-02T19:03:16.397Z'
System info: host: 'LAPTOP-BJTB8PP0', ip: '192.168.56.1', os.name: 'Windows 10', os.arch: 'amd64', os.version: '10.0', java.version: '15.0.2'
Driver info: org.openqa.selenium.chrome.ChromeDriver
Capabilities {acceptInsecureCerts: false, browserName: chrome, browserVersion: 92.0.4515.159, chrome: {chromedriverVersion: 92.0.4515.43 (8c61b7e2989f2..., userDataDir: C:\Users\vamsi\AppData\Loca...}, goog:chromeOptions: {debuggerAddress: localhost:58874}, javascriptEnabled: true, networkConnectionEnabled: false, pageLoadStrategy: normal, platform: WINDOWS, platformName: WINDOWS, proxy: Proxy(), setWindowRect: true, strictFileInteractability: false, timeouts: {implicit: 0, pageLoad: 300000, script: 30000}, unhandledPromptBehavior: dismiss and notify, webauthn:extension:credBlob: true, webauthn:extension:largeBlob: true, webauthn:virtualAuthenticators: true}
Session ID: 61cb6d16dc2fb35c23d01ac295c8b51f
	at org.openqa.selenium.remote.http.W3CHttpResponseCodec.createException(W3CHttpResponseCodec.java:187)
	at org.openqa.selenium.remote.http.W3CHttpResponseCodec.decode(W3CHttpResponseCodec.java:122)
	at org.openqa.selenium.remote.http.W3CHttpResponseCodec.decode(W3CHttpResponseCodec.java:49)
	at org.openqa.selenium.remote.HttpCommandExecutor.execute(HttpCommandExecutor.java:160)
	at org.openqa.selenium.remote.service.DriverCommandExecutor.execute(DriverCommandExecutor.java:83)
	at org.openqa.selenium.remote.RemoteWebDriver.execute(RemoteWebDriver.java:601)
	at org.openqa.selenium.remote.RemoteWebElement.execute(RemoteWebElement.java:279)
	at org.openqa.selenium.remote.RemoteWebElement.click(RemoteWebElement.java:83)
	at org.openqa.selenium.support.pagefactory.internal.LocatingElementHandler.invoke(LocatingElementHandler.java:51)
	at com.sun.proxy.$Proxy9.click(Unknown Source)
	at com.crm.qa.pages.HomePage.clickonNewContact(HomePage.java:78)
	at com.crm.qa.testcases.ContactsPageTest.createnewcontactTest(ContactsPageTest.java:65)
... Removed 44 stack frames]]>
    </failure>
  </testcase> <!-- createnewcontactTest -->
  <testcase classname="com.crm.qa.testcases.HomePageTest" name="ClickonDealstest" time="1.6"/>
  <testcase classname="com.crm.qa.testcases.HomePageTest" name="ClickonTaskstest" time="1.797"/>
</testsuite> <!-- Command line test -->
